<?xml version="1.0" encoding="utf-8"?><testsuites name="pytest tests"><testsuite name="pytest" errors="0" failures="4" skipped="0" tests="47" time="6.309" timestamp="2025-10-11T21:08:35.110946-04:00" hostname="grayghostdata.local"><testcase classname="tests.test_advanced_analytics.TestAdvancedAnalytics" name="test_get_revenue_forecast_basic" time="0.009" /><testcase classname="tests.test_advanced_analytics.TestAdvancedAnalytics" name="test_get_lead_quality_heatmap" time="0.002" /><testcase classname="tests.test_advanced_analytics.TestAdvancedAnalytics" name="test_get_conversion_funnel" time="0.002" /><testcase classname="tests.test_advanced_analytics.TestAdvancedAnalytics" name="test_get_clv_distribution" time="0.004" /><testcase classname="tests.test_advanced_analytics.TestAdvancedAnalytics" name="test_get_churn_risk_analysis" time="0.002" /><testcase classname="tests.test_advanced_analytics.TestAdvancedAnalytics" name="test_get_marketing_attribution" time="0.002" /><testcase classname="tests.test_advanced_analytics.TestAdvancedAnalytics" name="test_categorize_property_value" time="0.001" /><testcase classname="tests.test_advanced_analytics.TestAdvancedAnalytics" name="test_get_quality_tier" time="0.001" /><testcase classname="tests.test_advanced_analytics.TestAdvancedAnalytics" name="test_get_churn_action" time="0.001" /><testcase classname="tests.test_advanced_analytics.TestAdvancedAnalyticsEdgeCases" name="test_empty_revenue_data" time="0.005" /><testcase classname="tests.test_advanced_analytics.TestAdvancedAnalyticsEdgeCases" name="test_single_lead_heatmap" time="0.002" /><testcase classname="tests.test_advanced_analytics.TestAdvancedAnalyticsEdgeCases" name="test_no_customers_clv" time="0.001" /><testcase classname="tests.test_ab_testing.TestABTestingFramework" name="test_create_experiment_basic" time="0.001" /><testcase classname="tests.test_ab_testing.TestABTestingFramework" name="test_create_experiment_traffic_validation" time="0.001" /><testcase classname="tests.test_ab_testing.TestABTestingFramework" name="test_create_experiment_multi_variant" time="0.001" /><testcase classname="tests.test_ab_testing.TestABTestingFramework" name="test_assign_variant_consistency" time="0.001" /><testcase classname="tests.test_ab_testing.TestABTestingFramework" name="test_assign_variant_distribution" time="0.005" /><testcase classname="tests.test_ab_testing.TestABTestingFramework" name="test_assign_variant_invalid_experiment" time="0.001" /><testcase classname="tests.test_ab_testing.TestABTestingFramework" name="test_record_result_basic" time="0.001" /><testcase classname="tests.test_ab_testing.TestABTestingFramework" name="test_record_result_batch" time="0.001" /><testcase classname="tests.test_ab_testing.TestABTestingFramework" name="test_analyze_experiment_basic" time="0.003" /><testcase classname="tests.test_ab_testing.TestABTestingFramework" name="test_analyze_experiment_statistical_significance" time="0.005" /><testcase classname="tests.test_ab_testing.TestABTestingFramework" name="test_select_winner_basic" time="0.004" /><testcase classname="tests.test_ab_testing.TestABTestingFramework" name="test_get_experiment_summary" time="0.001" /><testcase classname="tests.test_ab_testing.TestABTestingEdgeCases" name="test_empty_variants" time="0.001" /><testcase classname="tests.test_ab_testing.TestABTestingEdgeCases" name="test_single_variant" time="0.001" /><testcase classname="tests.test_ab_testing.TestABTestingEdgeCases" name="test_analyze_experiment_insufficient_data" time="0.001" /><testcase classname="tests.test_ab_testing.TestABTestingEdgeCases" name="test_negative_traffic_percentage" time="0.001" /><testcase classname="tests.test_revenue_forecasting.TestRevenueForecastingModel" name="test_train_model_linear" time="0.006" /><testcase classname="tests.test_revenue_forecasting.TestRevenueForecastingModel" name="test_train_model_prophet" time="0.006"><failure message="TypeError: 'Mock' object is not subscriptable">E   TypeError: 'Mock' object is not subscriptable</failure></testcase><testcase classname="tests.test_revenue_forecasting.TestRevenueForecastingModel" name="test_train_model_auto_selection" time="0.060" /><testcase classname="tests.test_revenue_forecasting.TestRevenueForecastingModel" name="test_train_model_insufficient_data" time="0.002"><failure message="ValueError: Insufficient historical data for training (minimum 30 days required)">E   ValueError: Insufficient historical data for training (minimum 30 days required)</failure></testcase><testcase classname="tests.test_revenue_forecasting.TestRevenueForecastingModel" name="test_predict_revenue_basic" time="0.010" /><testcase classname="tests.test_revenue_forecasting.TestRevenueForecastingModel" name="test_predict_revenue_with_scenarios" time="0.005"><failure message="assert np.float64(0.0) &gt; 0">E   assert np.float64(0.0) &gt; 0</failure></testcase><testcase classname="tests.test_revenue_forecasting.TestRevenueForecastingModel" name="test_predict_revenue_no_model" time="0.001" /><testcase classname="tests.test_revenue_forecasting.TestRevenueForecastingModel" name="test_predict_revenue_90_days" time="0.007" /><testcase classname="tests.test_revenue_forecasting.TestRevenueForecastingModel" name="test_get_forecast_accuracy" time="0.007" /><testcase classname="tests.test_revenue_forecasting.TestRevenueForecastingModel" name="test_get_forecast_accuracy_no_model" time="0.001" /><testcase classname="tests.test_revenue_forecasting.TestRevenueForecastingModel" name="test_confidence_intervals" time="0.006" /><testcase classname="tests.test_revenue_forecasting.TestRevenueForecastingModel" name="test_summary_statistics" time="0.006"><failure message="assert 0 &gt; 0">E   assert 0 &gt; 0</failure></testcase><testcase classname="tests.test_revenue_forecasting.TestRevenueForecastingEdgeCases" name="test_empty_historical_data" time="0.002" /><testcase classname="tests.test_revenue_forecasting.TestRevenueForecastingEdgeCases" name="test_constant_revenue" time="0.004" /><testcase classname="tests.test_revenue_forecasting.TestRevenueForecastingEdgeCases" name="test_negative_days_ahead" time="0.005" /><testcase classname="tests.test_revenue_forecasting.TestRevenueForecastingEdgeCases" name="test_zero_days_ahead" time="0.004" /><testcase classname="tests.test_revenue_forecasting.TestRevenueForecastingEdgeCases" name="test_excessive_days_ahead" time="0.007" /><testcase classname="tests.test_revenue_forecasting.TestRevenueForecastingModelTypes" name="test_linear_model" time="0.004" /><testcase classname="tests.test_revenue_forecasting.TestRevenueForecastingModelTypes" name="test_invalid_model_type" time="0.002" /></testsuite></testsuites>